  [4;36;1mSQL (0.2ms)[0m   [0;1mSET NAMES 'utf8'[0m
  [4;35;1mSQL (0.1ms)[0m   [0mSET SQL_AUTO_IS_NULL=0[0m
  [4;36;1mSQL (48.6ms)[0m   [0;1mSHOW TABLES[0m
  [4;35;1mSQL (60.6ms)[0m   [0mCREATE TABLE `schema_migrations` (`version` varchar(255) NOT NULL) ENGINE=InnoDB[0m
  [4;36;1mSQL (13.2ms)[0m   [0;1mCREATE UNIQUE INDEX `unique_schema_migrations` ON `schema_migrations` (`version`)[0m
  [4;35;1mSQL (0.4ms)[0m   [0mSHOW TABLES[0m
  [4;36;1mSQL (0.4ms)[0m   [0;1mSELECT version FROM schema_migrations[0m
Migrating to CreatePeople (20100210050549)
  [4;35;1mSQL (3.0ms)[0m   [0mCREATE TABLE `people` (`id` int(11) DEFAULT NULL auto_increment PRIMARY KEY, `created_at` datetime, `updated_at` datetime) ENGINE=InnoDB[0m
  [4;36;1mSQL (0.7ms)[0m   [0;1mINSERT INTO schema_migrations (version) VALUES ('20100210050549')[0m
  [4;35;1mSQL (0.5ms)[0m   [0mSHOW TABLES[0m
  [4;36;1mSQL (0.4ms)[0m   [0;1mSELECT version FROM schema_migrations[0m
  [4;35;1mSQL (0.4ms)[0m   [0mSHOW TABLES[0m
  [4;36;1mSQL (72.0ms)[0m   [0;1mSHOW FIELDS FROM `people`[0m
  [4;35;1mSQL (1.2ms)[0m   [0mdescribe `people`[0m
  [4;36;1mSQL (0.4ms)[0m   [0;1mSHOW KEYS FROM `people`[0m
  [4;36;1mSQL (0.2ms)[0m   [0;1mSET NAMES 'utf8'[0m
  [4;35;1mSQL (0.1ms)[0m   [0mSET SQL_AUTO_IS_NULL=0[0m


Processing PeopleController#index (for 127.0.0.1 at 2010-02-10 17:19:07) [GET]

NameError (uninitialized constant PeopleController::Page):
  app/controllers/people_controller.rb:3:in `index'

Rendered rescues/_trace (116.1ms)
Rendered rescues/_request_and_response (12.5ms)
Rendering rescues/layout (internal_server_error)
  [4;36;1mSQL (0.1ms)[0m   [0;1mSET NAMES 'utf8'[0m
  [4;35;1mSQL (0.1ms)[0m   [0mSET SQL_AUTO_IS_NULL=0[0m


Processing PeopleController#index (for 127.0.0.1 at 2010-02-10 17:19:58) [GET]

NameError (uninitialized constant PeopleController::People):
  app/controllers/people_controller.rb:3:in `index'

Rendered rescues/_trace (59.9ms)
Rendered rescues/_request_and_response (0.4ms)
Rendering rescues/layout (internal_server_error)
  [4;36;1mSQL (5.5ms)[0m   [0;1mSET NAMES 'utf8'[0m
  [4;35;1mSQL (0.1ms)[0m   [0mSET SQL_AUTO_IS_NULL=0[0m


Processing PeopleController#index (for 127.0.0.1 at 2010-02-10 17:20:07) [GET]

NameError (uninitialized constant PeopleController::People):
  app/controllers/people_controller.rb:3:in `index'

Rendered rescues/_trace (54.4ms)
Rendered rescues/_request_and_response (0.4ms)
Rendering rescues/layout (internal_server_error)
  [4;36;1mSQL (0.1ms)[0m   [0;1mSET NAMES 'utf8'[0m
  [4;35;1mSQL (0.1ms)[0m   [0mSET SQL_AUTO_IS_NULL=0[0m


Processing PeopleController#index (for 127.0.0.1 at 2010-02-10 17:20:41) [GET]
  [4;36;1mPerson Load (0.7ms)[0m   [0;1mSELECT * FROM `people` [0m
Rendering people/index
Completed in 71ms (View: 62, DB: 1) | 200 OK [http://0.0.0.0/people]
  [4;35;1mSQL (0.2ms)[0m   [0mSET NAMES 'utf8'[0m
  [4;36;1mSQL (0.1ms)[0m   [0;1mSET SQL_AUTO_IS_NULL=0[0m


Processing PeopleController#index (for 127.0.0.1 at 2010-02-10 17:23:17) [GET]
  [4;35;1mPerson Load (0.5ms)[0m   [0mSELECT * FROM `people` [0m
Rendering people/index
  [4;36;1mPerson Columns (1.7ms)[0m   [0;1mSHOW FIELDS FROM `people`[0m
Completed in 23ms (View: 12, DB: 2) | 200 OK [http://0.0.0.0/people]
  [4;35;1mSQL (0.1ms)[0m   [0mSET NAMES 'utf8'[0m
  [4;36;1mSQL (0.1ms)[0m   [0;1mSET SQL_AUTO_IS_NULL=0[0m


Processing PeopleController#index (for 127.0.0.1 at 2010-02-10 17:23:23) [GET]
  [4;35;1mPerson Load (0.4ms)[0m   [0mSELECT * FROM `people` [0m
Rendering people/index
  [4;36;1mPerson Columns (1.2ms)[0m   [0;1mSHOW FIELDS FROM `people`[0m
Completed in 13ms (View: 3, DB: 2) | 200 OK [http://0.0.0.0/people]
  [4;35;1mSQL (0.2ms)[0m   [0mSET NAMES 'utf8'[0m
  [4;36;1mSQL (0.2ms)[0m   [0;1mSET SQL_AUTO_IS_NULL=0[0m


Processing PeopleController#index (for 127.0.0.1 at 2010-02-10 17:23:23) [GET]
  [4;35;1mPerson Load (0.3ms)[0m   [0mSELECT * FROM `people` [0m
Rendering people/index
  [4;36;1mPerson Columns (1.3ms)[0m   [0;1mSHOW FIELDS FROM `people`[0m
Completed in 14ms (View: 3, DB: 2) | 200 OK [http://0.0.0.0/people]
  [4;35;1mSQL (0.2ms)[0m   [0mSET NAMES 'utf8'[0m
  [4;36;1mSQL (0.1ms)[0m   [0;1mSET SQL_AUTO_IS_NULL=0[0m


Processing PeopleController#index (for 127.0.0.1 at 2010-02-10 17:23:23) [GET]
  [4;35;1mPerson Load (0.4ms)[0m   [0mSELECT * FROM `people` [0m
Rendering people/index
  [4;36;1mPerson Columns (1.5ms)[0m   [0;1mSHOW FIELDS FROM `people`[0m
Completed in 15ms (View: 4, DB: 2) | 200 OK [http://0.0.0.0/people]
  [4;36;1mSQL (0.1ms)[0m   [0;1mSET NAMES 'utf8'[0m
  [4;35;1mSQL (0.1ms)[0m   [0mSET SQL_AUTO_IS_NULL=0[0m


Processing PeopleController#index (for 127.0.0.1 at 2010-02-10 17:25:16) [GET]
  [4;36;1mPerson Load (0.4ms)[0m   [0;1mSELECT * FROM `people` [0m
Rendering people/index
  [4;35;1mPerson Columns (1.4ms)[0m   [0mSHOW FIELDS FROM `people`[0m
Completed in 25ms (View: 14, DB: 2) | 200 OK [http://0.0.0.0/people]
  [4;36;1mSQL (0.1ms)[0m   [0;1mSET NAMES 'utf8'[0m
  [4;35;1mSQL (0.1ms)[0m   [0mSET SQL_AUTO_IS_NULL=0[0m


Processing PeopleController#index (for 127.0.0.1 at 2010-02-10 17:31:54) [GET]

ActiveRecord::RecordNotFound (Couldn't find Person without an ID):
  app/controllers/people_controller.rb:3:in `index'

Rendered rescues/_trace (115.7ms)
Rendered rescues/_request_and_response (2.4ms)
Rendering rescues/layout (not_found)
  [4;36;1mSQL (0.2ms)[0m   [0;1mSET NAMES 'utf8'[0m
  [4;35;1mSQL (0.2ms)[0m   [0mSET SQL_AUTO_IS_NULL=0[0m


Processing PeopleController#index (for 127.0.0.1 at 2010-02-10 17:33:11) [GET]

ActiveRecord::RecordNotFound (Couldn't find Person without an ID):
  app/controllers/people_controller.rb:3:in `index'

Rendered rescues/_trace (61.8ms)
Rendered rescues/_request_and_response (0.4ms)
Rendering rescues/layout (not_found)
  [4;36;1mSQL (0.2ms)[0m   [0;1mSET NAMES 'utf8'[0m
  [4;35;1mSQL (0.1ms)[0m   [0mSET SQL_AUTO_IS_NULL=0[0m


Processing PeopleController#index (for 127.0.0.1 at 2010-02-10 17:33:14) [GET]

ActiveRecord::RecordNotFound (Couldn't find Person without an ID):
  app/controllers/people_controller.rb:3:in `index'

Rendered rescues/_trace (58.4ms)
Rendered rescues/_request_and_response (0.4ms)
Rendering rescues/layout (not_found)
  [4;36;1mSQL (0.1ms)[0m   [0;1mSET NAMES 'utf8'[0m
  [4;35;1mSQL (0.1ms)[0m   [0mSET SQL_AUTO_IS_NULL=0[0m


Processing PeopleController#index (for 127.0.0.1 at 2010-02-10 17:33:14) [GET]

ActiveRecord::RecordNotFound (Couldn't find Person without an ID):
  app/controllers/people_controller.rb:3:in `index'

Rendered rescues/_trace (139.4ms)
Rendered rescues/_request_and_response (0.5ms)
Rendering rescues/layout (not_found)
  [4;36;1mSQL (0.1ms)[0m   [0;1mSET NAMES 'utf8'[0m
  [4;35;1mSQL (0.1ms)[0m   [0mSET SQL_AUTO_IS_NULL=0[0m


Processing PeopleController#index (for 127.0.0.1 at 2010-02-10 17:33:14) [GET]

ActiveRecord::RecordNotFound (Couldn't find Person without an ID):
  app/controllers/people_controller.rb:3:in `index'

Rendered rescues/_trace (59.9ms)
Rendered rescues/_request_and_response (0.5ms)
Rendering rescues/layout (not_found)
  [4;36;1mSQL (0.1ms)[0m   [0;1mSET NAMES 'utf8'[0m
  [4;35;1mSQL (0.1ms)[0m   [0mSET SQL_AUTO_IS_NULL=0[0m


Processing PeopleController#index (for 127.0.0.1 at 2010-02-10 17:33:14) [GET]

ActiveRecord::RecordNotFound (Couldn't find Person without an ID):
  app/controllers/people_controller.rb:3:in `index'

Rendered rescues/_trace (56.0ms)
Rendered rescues/_request_and_response (0.5ms)
Rendering rescues/layout (not_found)
  [4;36;1mSQL (0.2ms)[0m   [0;1mSET NAMES 'utf8'[0m
  [4;35;1mSQL (0.1ms)[0m   [0mSET SQL_AUTO_IS_NULL=0[0m


Processing PeopleController#index (for 127.0.0.1 at 2010-02-10 17:33:14) [GET]

ActiveRecord::RecordNotFound (Couldn't find Person without an ID):
  app/controllers/people_controller.rb:3:in `index'

Rendered rescues/_trace (137.4ms)
Rendered rescues/_request_and_response (0.5ms)
Rendering rescues/layout (not_found)
  [4;36;1mSQL (0.1ms)[0m   [0;1mSET NAMES 'utf8'[0m
  [4;35;1mSQL (0.1ms)[0m   [0mSET SQL_AUTO_IS_NULL=0[0m


Processing PeopleController#index (for 127.0.0.1 at 2010-02-10 17:33:15) [GET]

ActiveRecord::RecordNotFound (Couldn't find Person without an ID):
  app/controllers/people_controller.rb:3:in `index'

Rendered rescues/_trace (62.4ms)
Rendered rescues/_request_and_response (0.5ms)
Rendering rescues/layout (not_found)
  [4;36;1mSQL (0.1ms)[0m   [0;1mSET NAMES 'utf8'[0m
  [4;35;1mSQL (0.2ms)[0m   [0mSET SQL_AUTO_IS_NULL=0[0m


Processing PeopleController#index (for 127.0.0.1 at 2010-02-10 17:33:15) [GET]

ActiveRecord::RecordNotFound (Couldn't find Person without an ID):
  app/controllers/people_controller.rb:3:in `index'

Rendered rescues/_trace (56.0ms)
Rendered rescues/_request_and_response (0.5ms)
Rendering rescues/layout (not_found)
  [4;36;1mSQL (0.1ms)[0m   [0;1mSET NAMES 'utf8'[0m
  [4;35;1mSQL (0.1ms)[0m   [0mSET SQL_AUTO_IS_NULL=0[0m


Processing PeopleController#index (for 127.0.0.1 at 2010-02-10 17:33:15) [GET]

ActiveRecord::RecordNotFound (Couldn't find Person without an ID):
  app/controllers/people_controller.rb:3:in `index'

Rendered rescues/_trace (58.9ms)
Rendered rescues/_request_and_response (0.4ms)
Rendering rescues/layout (not_found)
  [4;36;1mSQL (0.2ms)[0m   [0;1mSET NAMES 'utf8'[0m
  [4;35;1mSQL (0.2ms)[0m   [0mSET SQL_AUTO_IS_NULL=0[0m


Processing PeopleController#index (for 127.0.0.1 at 2010-02-10 17:33:15) [GET]

ActiveRecord::RecordNotFound (Couldn't find Person without an ID):
  app/controllers/people_controller.rb:3:in `index'

Rendered rescues/_trace (61.6ms)
Rendered rescues/_request_and_response (0.4ms)
Rendering rescues/layout (not_found)
  [4;36;1mSQL (0.1ms)[0m   [0;1mSET NAMES 'utf8'[0m
  [4;35;1mSQL (0.1ms)[0m   [0mSET SQL_AUTO_IS_NULL=0[0m


Processing PeopleController#index (for 127.0.0.1 at 2010-02-10 17:33:15) [GET]

ActiveRecord::RecordNotFound (Couldn't find Person without an ID):
  app/controllers/people_controller.rb:3:in `index'

Rendered rescues/_trace (73.8ms)
Rendered rescues/_request_and_response (0.4ms)
Rendering rescues/layout (not_found)
  [4;36;1mSQL (0.1ms)[0m   [0;1mSET NAMES 'utf8'[0m
  [4;35;1mSQL (0.1ms)[0m   [0mSET SQL_AUTO_IS_NULL=0[0m


Processing PeopleController#index (for 127.0.0.1 at 2010-02-10 17:33:15) [GET]

ActiveRecord::RecordNotFound (Couldn't find Person without an ID):
  app/controllers/people_controller.rb:3:in `index'

Rendered rescues/_trace (56.9ms)
Rendered rescues/_request_and_response (0.4ms)
Rendering rescues/layout (not_found)
  [4;36;1mSQL (11.8ms)[0m   [0;1mSET NAMES 'utf8'[0m
  [4;35;1mSQL (0.2ms)[0m   [0mSET SQL_AUTO_IS_NULL=0[0m


Processing PeopleController#index (for 127.0.0.1 at 2010-02-10 17:33:15) [GET]

ActiveRecord::RecordNotFound (Couldn't find Person without an ID):
  app/controllers/people_controller.rb:3:in `index'

Rendered rescues/_trace (59.5ms)
Rendered rescues/_request_and_response (0.4ms)
Rendering rescues/layout (not_found)
  [4;36;1mSQL (0.1ms)[0m   [0;1mSET NAMES 'utf8'[0m
  [4;35;1mSQL (0.3ms)[0m   [0mSET SQL_AUTO_IS_NULL=0[0m


Processing PeopleController#index (for 127.0.0.1 at 2010-02-10 17:33:16) [GET]

ActiveRecord::RecordNotFound (Couldn't find Person without an ID):
  app/controllers/people_controller.rb:3:in `index'

Rendered rescues/_trace (56.0ms)
Rendered rescues/_request_and_response (0.4ms)
Rendering rescues/layout (not_found)
  [4;36;1mSQL (0.1ms)[0m   [0;1mSET NAMES 'utf8'[0m
  [4;35;1mSQL (0.1ms)[0m   [0mSET SQL_AUTO_IS_NULL=0[0m


Processing PeopleController#index (for 127.0.0.1 at 2010-02-10 17:33:16) [GET]

ActiveRecord::RecordNotFound (Couldn't find Person without an ID):
  app/controllers/people_controller.rb:3:in `index'

Rendered rescues/_trace (60.3ms)
Rendered rescues/_request_and_response (0.5ms)
Rendering rescues/layout (not_found)
  [4;36;1mSQL (0.1ms)[0m   [0;1mSET NAMES 'utf8'[0m
  [4;35;1mSQL (0.1ms)[0m   [0mSET SQL_AUTO_IS_NULL=0[0m


Processing PeopleController#index (for 127.0.0.1 at 2010-02-10 17:33:16) [GET]

ActiveRecord::RecordNotFound (Couldn't find Person without an ID):
  app/controllers/people_controller.rb:3:in `index'

Rendered rescues/_trace (138.7ms)
Rendered rescues/_request_and_response (0.4ms)
Rendering rescues/layout (not_found)
  [4;36;1mSQL (0.1ms)[0m   [0;1mSET NAMES 'utf8'[0m
  [4;35;1mSQL (0.1ms)[0m   [0mSET SQL_AUTO_IS_NULL=0[0m


Processing PeopleController#index (for 127.0.0.1 at 2010-02-10 17:33:16) [GET]

ActiveRecord::RecordNotFound (Couldn't find Person without an ID):
  app/controllers/people_controller.rb:3:in `index'

Rendered rescues/_trace (61.3ms)
Rendered rescues/_request_and_response (0.6ms)
Rendering rescues/layout (not_found)
  [4;36;1mSQL (0.1ms)[0m   [0;1mSET NAMES 'utf8'[0m
  [4;35;1mSQL (0.1ms)[0m   [0mSET SQL_AUTO_IS_NULL=0[0m


Processing PeopleController#index (for 127.0.0.1 at 2010-02-10 17:33:16) [GET]

ActiveRecord::RecordNotFound (Couldn't find Person without an ID):
  app/controllers/people_controller.rb:3:in `index'

Rendered rescues/_trace (56.2ms)
Rendered rescues/_request_and_response (0.4ms)
Rendering rescues/layout (not_found)
  [4;36;1mSQL (31.7ms)[0m   [0;1mSET NAMES 'utf8'[0m
  [4;35;1mSQL (0.4ms)[0m   [0mSET SQL_AUTO_IS_NULL=0[0m


Processing PeopleController#index (for 127.0.0.1 at 2010-02-10 17:33:16) [GET]

ActiveRecord::RecordNotFound (Couldn't find Person without an ID):
  app/controllers/people_controller.rb:3:in `index'

Rendered rescues/_trace (161.6ms)
Rendered rescues/_request_and_response (0.5ms)
Rendering rescues/layout (not_found)
  [4;36;1mSQL (0.1ms)[0m   [0;1mSET NAMES 'utf8'[0m
  [4;35;1mSQL (0.3ms)[0m   [0mSET SQL_AUTO_IS_NULL=0[0m


Processing PeopleController#index (for 127.0.0.1 at 2010-02-10 17:33:17) [GET]

ActiveRecord::RecordNotFound (Couldn't find Person without an ID):
  app/controllers/people_controller.rb:3:in `index'

Rendered rescues/_trace (67.3ms)
Rendered rescues/_request_and_response (0.6ms)
Rendering rescues/layout (not_found)
  [4;36;1mSQL (0.1ms)[0m   [0;1mSET NAMES 'utf8'[0m
  [4;35;1mSQL (0.2ms)[0m   [0mSET SQL_AUTO_IS_NULL=0[0m


Processing PeopleController#index (for 127.0.0.1 at 2010-02-10 17:33:17) [GET]

ActiveRecord::RecordNotFound (Couldn't find Person without an ID):
  app/controllers/people_controller.rb:3:in `index'

Rendered rescues/_trace (59.0ms)
Rendered rescues/_request_and_response (0.5ms)
Rendering rescues/layout (not_found)
  [4;36;1mSQL (0.1ms)[0m   [0;1mSET NAMES 'utf8'[0m
  [4;35;1mSQL (0.1ms)[0m   [0mSET SQL_AUTO_IS_NULL=0[0m


Processing PeopleController#index (for 127.0.0.1 at 2010-02-10 17:33:17) [GET]

ActiveRecord::RecordNotFound (Couldn't find Person without an ID):
  app/controllers/people_controller.rb:3:in `index'

Rendered rescues/_trace (170.4ms)
Rendered rescues/_request_and_response (0.4ms)
Rendering rescues/layout (not_found)
  [4;36;1mSQL (0.1ms)[0m   [0;1mSET NAMES 'utf8'[0m
  [4;35;1mSQL (0.1ms)[0m   [0mSET SQL_AUTO_IS_NULL=0[0m


Processing PeopleController#index (for 127.0.0.1 at 2010-02-10 17:33:17) [GET]

ActiveRecord::RecordNotFound (Couldn't find Person without an ID):
  app/controllers/people_controller.rb:3:in `index'

Rendered rescues/_trace (57.1ms)
Rendered rescues/_request_and_response (0.6ms)
Rendering rescues/layout (not_found)
  [4;36;1mSQL (0.2ms)[0m   [0;1mSET NAMES 'utf8'[0m
  [4;35;1mSQL (0.2ms)[0m   [0mSET SQL_AUTO_IS_NULL=0[0m


Processing PeopleController#index (for 127.0.0.1 at 2010-02-10 17:33:17) [GET]

ActiveRecord::RecordNotFound (Couldn't find Person without an ID):
  app/controllers/people_controller.rb:3:in `index'

Rendered rescues/_trace (55.4ms)
Rendered rescues/_request_and_response (0.5ms)
Rendering rescues/layout (not_found)
  [4;36;1mSQL (0.1ms)[0m   [0;1mSET NAMES 'utf8'[0m
  [4;35;1mSQL (0.1ms)[0m   [0mSET SQL_AUTO_IS_NULL=0[0m


Processing PeopleController#index (for 127.0.0.1 at 2010-02-10 17:33:18) [GET]

ActiveRecord::RecordNotFound (Couldn't find Person without an ID):
  app/controllers/people_controller.rb:3:in `index'

Rendered rescues/_trace (139.1ms)
Rendered rescues/_request_and_response (0.4ms)
Rendering rescues/layout (not_found)
  [4;36;1mSQL (0.1ms)[0m   [0;1mSET NAMES 'utf8'[0m
  [4;35;1mSQL (0.1ms)[0m   [0mSET SQL_AUTO_IS_NULL=0[0m


Processing PeopleController#index (for 127.0.0.1 at 2010-02-10 17:33:18) [GET]

ActiveRecord::RecordNotFound (Couldn't find Person without an ID):
  app/controllers/people_controller.rb:3:in `index'

Rendered rescues/_trace (60.0ms)
Rendered rescues/_request_and_response (0.5ms)
Rendering rescues/layout (not_found)
  [4;36;1mSQL (0.1ms)[0m   [0;1mSET NAMES 'utf8'[0m
  [4;35;1mSQL (0.2ms)[0m   [0mSET SQL_AUTO_IS_NULL=0[0m


Processing PeopleController#index (for 127.0.0.1 at 2010-02-10 17:33:18) [GET]

ActiveRecord::RecordNotFound (Couldn't find Person without an ID):
  app/controllers/people_controller.rb:3:in `index'

Rendered rescues/_trace (55.5ms)
Rendered rescues/_request_and_response (0.4ms)
Rendering rescues/layout (not_found)
  [4;36;1mSQL (0.5ms)[0m   [0;1mSET NAMES 'utf8'[0m
  [4;35;1mSQL (0.1ms)[0m   [0mSET SQL_AUTO_IS_NULL=0[0m


Processing PeopleController#index (for 127.0.0.1 at 2010-02-10 17:33:18) [GET]

ActiveRecord::RecordNotFound (Couldn't find Person without an ID):
  app/controllers/people_controller.rb:3:in `index'

Rendered rescues/_trace (139.0ms)
Rendered rescues/_request_and_response (0.5ms)
Rendering rescues/layout (not_found)
  [4;36;1mSQL (0.1ms)[0m   [0;1mSET NAMES 'utf8'[0m
  [4;35;1mSQL (0.1ms)[0m   [0mSET SQL_AUTO_IS_NULL=0[0m


Processing PeopleController#index (for 127.0.0.1 at 2010-02-10 17:33:18) [GET]

ActiveRecord::RecordNotFound (Couldn't find Person without an ID):
  app/controllers/people_controller.rb:3:in `index'

Rendered rescues/_trace (61.0ms)
Rendered rescues/_request_and_response (0.4ms)
Rendering rescues/layout (not_found)
  [4;36;1mSQL (0.1ms)[0m   [0;1mSET NAMES 'utf8'[0m
  [4;35;1mSQL (0.2ms)[0m   [0mSET SQL_AUTO_IS_NULL=0[0m


Processing PeopleController#index (for 127.0.0.1 at 2010-02-10 17:33:56) [GET]

ActiveRecord::RecordNotFound (Couldn't find Person without an ID):
  app/controllers/people_controller.rb:3:in `index'

Rendered rescues/_trace (55.5ms)
Rendered rescues/_request_and_response (0.7ms)
Rendering rescues/layout (not_found)
  [4;36;1mSQL (0.1ms)[0m   [0;1mSET NAMES 'utf8'[0m
  [4;35;1mSQL (0.1ms)[0m   [0mSET SQL_AUTO_IS_NULL=0[0m


Processing PeopleController#index (for 127.0.0.1 at 2010-02-10 17:34:05) [GET]

ActiveRecord::RecordNotFound (Couldn't find Person without an ID):
  app/controllers/people_controller.rb:3:in `index'

Rendered rescues/_trace (116.3ms)
Rendered rescues/_request_and_response (2.7ms)
Rendering rescues/layout (not_found)
  [4;36;1mSQL (0.2ms)[0m   [0;1mSET NAMES 'utf8'[0m
  [4;35;1mSQL (4.2ms)[0m   [0mSET SQL_AUTO_IS_NULL=0[0m


Processing PeopleController#index (for 127.0.0.1 at 2010-02-10 17:35:49) [GET]

ActiveRecord::RecordNotFound (Couldn't find Person without an ID):
  app/controllers/people_controller.rb:3:in `index'

Rendered rescues/_trace (58.3ms)
Rendered rescues/_request_and_response (0.4ms)
Rendering rescues/layout (not_found)
  [4;36;1mSQL (0.2ms)[0m   [0;1mSET NAMES 'utf8'[0m
  [4;35;1mSQL (0.2ms)[0m   [0mSET SQL_AUTO_IS_NULL=0[0m


Processing PeopleController#index (for 127.0.0.1 at 2010-02-10 17:35:56) [GET]
  [4;36;1mPerson Load (0.5ms)[0m   [0;1mSELECT * FROM `people` [0m
Rendering people/index
  [4;35;1mPerson Columns (1.4ms)[0m   [0mSHOW FIELDS FROM `people`[0m
Completed in 25ms (View: 15, DB: 2) | 200 OK [http://0.0.0.0/people]
  [4;36;1mSQL (0.3ms)[0m   [0;1mSET NAMES 'utf8'[0m
  [4;35;1mSQL (0.2ms)[0m   [0mSET SQL_AUTO_IS_NULL=0[0m


Processing PeopleController#index (for 127.0.0.1 at 2010-02-10 17:35:58) [GET]
  [4;36;1mPerson Load (0.4ms)[0m   [0;1mSELECT * FROM `people` [0m
Rendering people/index
  [4;35;1mPerson Columns (1.2ms)[0m   [0mSHOW FIELDS FROM `people`[0m
Completed in 16ms (View: 4, DB: 2) | 200 OK [http://0.0.0.0/people]
  [4;36;1mSQL (0.1ms)[0m   [0;1mSET NAMES 'utf8'[0m
  [4;35;1mSQL (0.1ms)[0m   [0mSET SQL_AUTO_IS_NULL=0[0m


Processing PeopleController#index (for 127.0.0.1 at 2010-02-10 17:35:58) [GET]
  [4;36;1mPerson Load (0.4ms)[0m   [0;1mSELECT * FROM `people` [0m
Rendering people/index
  [4;35;1mPerson Columns (1.2ms)[0m   [0mSHOW FIELDS FROM `people`[0m
Completed in 13ms (View: 3, DB: 2) | 200 OK [http://0.0.0.0/people]
  [4;36;1mSQL (0.1ms)[0m   [0;1mSET NAMES 'utf8'[0m
  [4;35;1mSQL (0.2ms)[0m   [0mSET SQL_AUTO_IS_NULL=0[0m


Processing PeopleController#index (for 127.0.0.1 at 2010-02-10 17:35:58) [GET]
  [4;36;1mPerson Load (0.4ms)[0m   [0;1mSELECT * FROM `people` [0m
Rendering people/index
  [4;35;1mPerson Columns (1.2ms)[0m   [0mSHOW FIELDS FROM `people`[0m
Completed in 15ms (View: 3, DB: 2) | 200 OK [http://0.0.0.0/people]
  [4;36;1mSQL (0.2ms)[0m   [0;1mSET NAMES 'utf8'[0m
  [4;35;1mSQL (0.2ms)[0m   [0mSET SQL_AUTO_IS_NULL=0[0m


Processing PeopleController#index (for 127.0.0.1 at 2010-02-10 17:35:58) [GET]
  [4;36;1mPerson Load (0.3ms)[0m   [0;1mSELECT * FROM `people` [0m
Rendering people/index
  [4;35;1mPerson Columns (1.2ms)[0m   [0mSHOW FIELDS FROM `people`[0m
Completed in 13ms (View: 3, DB: 2) | 200 OK [http://0.0.0.0/people]
  [4;36;1mSQL (0.2ms)[0m   [0;1mSET NAMES 'utf8'[0m
  [4;35;1mSQL (0.1ms)[0m   [0mSET SQL_AUTO_IS_NULL=0[0m


Processing PeopleController#index (for 127.0.0.1 at 2010-02-10 17:37:26) [GET]

ActiveRecord::RecordNotFound (Couldn't find Person without an ID):
  app/controllers/people_controller.rb:3:in `index'

Rendered rescues/_trace (114.3ms)
Rendered rescues/_request_and_response (2.5ms)
Rendering rescues/layout (not_found)
  [4;36;1mSQL (0.1ms)[0m   [0;1mSET NAMES 'utf8'[0m
  [4;35;1mSQL (0.1ms)[0m   [0mSET SQL_AUTO_IS_NULL=0[0m


Processing PeopleController#index (for 127.0.0.1 at 2010-02-10 17:40:53) [GET]

TypeError (can't convert Array into Hash):
  app/controllers/people_controller.rb:3:in `index'

Rendered rescues/_trace (121.3ms)
Rendered rescues/_request_and_response (4.1ms)
Rendering rescues/layout (internal_server_error)
  [4;36;1mSQL (0.3ms)[0m   [0;1mSET NAMES 'utf8'[0m
  [4;35;1mSQL (0.2ms)[0m   [0mSET SQL_AUTO_IS_NULL=0[0m


Processing PeopleController#index (for 127.0.0.1 at 2010-02-10 17:43:16) [GET]

ActiveRecord::RecordNotFound (Couldn't find Person without an ID):
  app/controllers/people_controller.rb:3:in `index'

Rendered rescues/_trace (114.8ms)
Rendered rescues/_request_and_response (2.5ms)
Rendering rescues/layout (not_found)
  [4;36;1mSQL (0.1ms)[0m   [0;1mSET NAMES 'utf8'[0m
  [4;35;1mSQL (0.1ms)[0m   [0mSET SQL_AUTO_IS_NULL=0[0m


Processing PeopleController#index (for 127.0.0.1 at 2010-02-10 17:45:25) [GET]
Rendering people/index

ActionView::TemplateError (You have a nil object when you didn't expect it!
You might have expected an instance of Array.
The error occurred while evaluating nil.each) on line #3 of app/views/people/index.html.erb:
1: <table>
2: 	<tr><td>Name</td><td>Age</td></tr>
3: <% @persons.each do |person| %>
4: <tr><td><%= person.name %></td><td><%= person.age %></td></tr>
5: <% end %>
6: </table>

    app/views/people/index.html.erb:3

Rendered rescues/_trace (126.2ms)
Rendered rescues/_request_and_response (2.3ms)
Rendering rescues/layout (internal_server_error)
  [4;36;1mSQL (0.1ms)[0m   [0;1mSET NAMES 'utf8'[0m
  [4;35;1mSQL (0.1ms)[0m   [0mSET SQL_AUTO_IS_NULL=0[0m


Processing PeopleController#index (for 127.0.0.1 at 2010-02-10 17:46:33) [GET]

ActiveRecord::RecordNotFound (Couldn't find Person without an ID):
  app/controllers/people_controller.rb:3:in `index'

Rendered rescues/_trace (115.9ms)
Rendered rescues/_request_and_response (2.4ms)
Rendering rescues/layout (not_found)
  [4;36;1mSQL (0.1ms)[0m   [0;1mSET NAMES 'utf8'[0m
  [4;35;1mSQL (0.1ms)[0m   [0mSET SQL_AUTO_IS_NULL=0[0m


Processing PeopleController#index (for 127.0.0.1 at 2010-02-10 17:48:10) [GET]

ActiveRecord::RecordNotFound (Couldn't find Person without an ID):
  app/controllers/people_controller.rb:3:in `index'

Rendered rescues/_trace (125.8ms)
Rendered rescues/_request_and_response (2.4ms)
Rendering rescues/layout (not_found)
  [4;36;1mSQL (0.1ms)[0m   [0;1mSET NAMES 'utf8'[0m
  [4;35;1mSQL (0.3ms)[0m   [0mSET SQL_AUTO_IS_NULL=0[0m


Processing PeopleController#index (for 127.0.0.1 at 2010-02-10 17:48:12) [GET]

ActiveRecord::RecordNotFound (Couldn't find Person without an ID):
  app/controllers/people_controller.rb:3:in `index'

Rendered rescues/_trace (57.1ms)
Rendered rescues/_request_and_response (0.4ms)
Rendering rescues/layout (not_found)
  [4;36;1mSQL (0.2ms)[0m   [0;1mSET NAMES 'utf8'[0m
  [4;35;1mSQL (0.1ms)[0m   [0mSET SQL_AUTO_IS_NULL=0[0m


Processing PeopleController#index (for 127.0.0.1 at 2010-02-10 17:48:14) [GET]

ActiveRecord::RecordNotFound (Couldn't find Person without an ID):
  app/controllers/people_controller.rb:3:in `index'

Rendered rescues/_trace (57.9ms)
Rendered rescues/_request_and_response (0.5ms)
Rendering rescues/layout (not_found)
  [4;36;1mSQL (0.2ms)[0m   [0;1mSET NAMES 'utf8'[0m
  [4;35;1mSQL (0.1ms)[0m   [0mSET SQL_AUTO_IS_NULL=0[0m


Processing PeopleController#index (for 127.0.0.1 at 2010-02-10 17:50:08) [GET]
Rendering people/index

ActionView::TemplateError (undefined method `each' for :all:Symbol) on line #3 of app/views/people/index.html.erb:
1: <table><%=@persons.inspect%>
2: 	<tr><td>Name</td><td>Age</td></tr>
3: <% @persons.each do |person| %>
4: <tr><td><%= person.name %></td><td><%= person.age %></td></tr>
5: <% end %>
6: </table>

    app/views/people/index.html.erb:3

Rendered rescues/_trace (126.7ms)
Rendered rescues/_request_and_response (2.4ms)
Rendering rescues/layout (internal_server_error)
  [4;36;1mSQL (0.3ms)[0m   [0;1mSET NAMES 'utf8'[0m
  [4;35;1mSQL (0.2ms)[0m   [0mSET SQL_AUTO_IS_NULL=0[0m


Processing PeopleController#index (for 127.0.0.1 at 2010-02-10 17:50:32) [GET]
Rendering people/index
Completed in 14ms (View: 7, DB: 1) | 200 OK [http://0.0.0.0/people]
  [4;36;1mSQL (0.3ms)[0m   [0;1mSET NAMES 'utf8'[0m
  [4;35;1mSQL (0.2ms)[0m   [0mSET SQL_AUTO_IS_NULL=0[0m


Processing PeopleController#index (for 127.0.0.1 at 2010-02-10 17:50:35) [GET]
Rendering people/index
Completed in 8ms (View: 1, DB: 0) | 200 OK [http://0.0.0.0/people]
  [4;36;1mSQL (0.2ms)[0m   [0;1mSET NAMES 'utf8'[0m
  [4;35;1mSQL (0.1ms)[0m   [0mSET SQL_AUTO_IS_NULL=0[0m


Processing PeopleController#index (for 127.0.0.1 at 2010-02-10 17:50:35) [GET]
Rendering people/index
Completed in 8ms (View: 1, DB: 0) | 200 OK [http://0.0.0.0/people]
  [4;36;1mSQL (8.8ms)[0m   [0;1mSET NAMES 'utf8'[0m
  [4;35;1mSQL (0.1ms)[0m   [0mSET SQL_AUTO_IS_NULL=0[0m


Processing PeopleController#index (for 127.0.0.1 at 2010-02-10 17:50:35) [GET]
Rendering people/index
Completed in 8ms (View: 1, DB: 9) | 200 OK [http://0.0.0.0/people]
  [4;36;1mSQL (0.2ms)[0m   [0;1mSET NAMES 'utf8'[0m
  [4;35;1mSQL (0.1ms)[0m   [0mSET SQL_AUTO_IS_NULL=0[0m


Processing PeopleController#index (for 127.0.0.1 at 2010-02-10 17:50:35) [GET]
Rendering people/index
Completed in 8ms (View: 1, DB: 0) | 200 OK [http://0.0.0.0/people]
  [4;36;1mSQL (0.1ms)[0m   [0;1mSET NAMES 'utf8'[0m
  [4;35;1mSQL (0.1ms)[0m   [0mSET SQL_AUTO_IS_NULL=0[0m


Processing PeopleController#index (for 127.0.0.1 at 2010-02-10 17:50:35) [GET]
Rendering people/index
Completed in 10ms (View: 1, DB: 0) | 200 OK [http://0.0.0.0/people]
  [4;36;1mSQL (0.1ms)[0m   [0;1mSET NAMES 'utf8'[0m
  [4;35;1mSQL (0.2ms)[0m   [0mSET SQL_AUTO_IS_NULL=0[0m


Processing PeopleController#index (for 127.0.0.1 at 2010-02-10 17:50:35) [GET]
Rendering people/index
Completed in 8ms (View: 1, DB: 0) | 200 OK [http://0.0.0.0/people]
  [4;36;1mSQL (0.1ms)[0m   [0;1mSET NAMES 'utf8'[0m
  [4;35;1mSQL (0.1ms)[0m   [0mSET SQL_AUTO_IS_NULL=0[0m


Processing PeopleController#index (for 127.0.0.1 at 2010-02-10 17:50:35) [GET]
Rendering people/index
Completed in 8ms (View: 1, DB: 0) | 200 OK [http://0.0.0.0/people]
  [4;36;1mSQL (0.1ms)[0m   [0;1mSET NAMES 'utf8'[0m
  [4;35;1mSQL (0.1ms)[0m   [0mSET SQL_AUTO_IS_NULL=0[0m


Processing PeopleController#index (for 127.0.0.1 at 2010-02-10 17:50:36) [GET]
Rendering people/index
Completed in 10ms (View: 1, DB: 0) | 200 OK [http://0.0.0.0/people]
  [4;36;1mSQL (0.1ms)[0m   [0;1mSET NAMES 'utf8'[0m
  [4;35;1mSQL (0.1ms)[0m   [0mSET SQL_AUTO_IS_NULL=0[0m


Processing PeopleController#index (for 127.0.0.1 at 2010-02-10 17:50:36) [GET]
Rendering people/index
Completed in 12ms (View: 1, DB: 0) | 200 OK [http://0.0.0.0/people]
  [4;36;1mSQL (0.2ms)[0m   [0;1mSET NAMES 'utf8'[0m
  [4;35;1mSQL (0.1ms)[0m   [0mSET SQL_AUTO_IS_NULL=0[0m


Processing PeopleController#index (for 127.0.0.1 at 2010-02-10 17:50:36) [GET]
Rendering people/index
Completed in 8ms (View: 1, DB: 0) | 200 OK [http://0.0.0.0/people]
  [4;36;1mSQL (0.1ms)[0m   [0;1mSET NAMES 'utf8'[0m
  [4;35;1mSQL (0.1ms)[0m   [0mSET SQL_AUTO_IS_NULL=0[0m


Processing PeopleController#index (for 127.0.0.1 at 2010-02-10 17:50:36) [GET]
Rendering people/index
Completed in 9ms (View: 1, DB: 0) | 200 OK [http://0.0.0.0/people]
  [4;36;1mSQL (0.1ms)[0m   [0;1mSET NAMES 'utf8'[0m
  [4;35;1mSQL (0.2ms)[0m   [0mSET SQL_AUTO_IS_NULL=0[0m


Processing PeopleController#index (for 127.0.0.1 at 2010-02-10 17:50:36) [GET]
Rendering people/index
Completed in 8ms (View: 1, DB: 0) | 200 OK [http://0.0.0.0/people]
  [4;36;1mSQL (11.6ms)[0m   [0;1mSET NAMES 'utf8'[0m
  [4;35;1mSQL (0.1ms)[0m   [0mSET SQL_AUTO_IS_NULL=0[0m


Processing PeopleController#index (for 127.0.0.1 at 2010-02-10 17:50:37) [GET]
Rendering people/index
Completed in 9ms (View: 1, DB: 12) | 200 OK [http://0.0.0.0/people]
  [4;36;1mSQL (0.1ms)[0m   [0;1mSET NAMES 'utf8'[0m
  [4;35;1mSQL (0.2ms)[0m   [0mSET SQL_AUTO_IS_NULL=0[0m


Processing PeopleController#index (for 127.0.0.1 at 2010-02-10 17:50:37) [GET]
Rendering people/index
Completed in 9ms (View: 1, DB: 0) | 200 OK [http://0.0.0.0/people]
  [4;36;1mSQL (10.4ms)[0m   [0;1mSET NAMES 'utf8'[0m
  [4;35;1mSQL (0.1ms)[0m   [0mSET SQL_AUTO_IS_NULL=0[0m


Processing PeopleController#index (for 127.0.0.1 at 2010-02-10 17:50:37) [GET]
Rendering people/index
Completed in 10ms (View: 1, DB: 10) | 200 OK [http://0.0.0.0/people]
  [4;36;1mSQL (0.1ms)[0m   [0;1mSET NAMES 'utf8'[0m
  [4;35;1mSQL (0.1ms)[0m   [0mSET SQL_AUTO_IS_NULL=0[0m


Processing PeopleController#index (for 127.0.0.1 at 2010-02-10 17:52:10) [GET]
  [4;36;1mPerson Load (28.2ms)[0m   [0;1mSELECT * FROM `people` ORDER BY age[0m
Rendering people/index
  [4;35;1mPerson Columns (1.5ms)[0m   [0mSHOW FIELDS FROM `people`[0m

ActionView::TemplateError (undefined method `inspet' for #<Array:0xb75686fc>) on line #1 of app/views/people/index.html.erb:
1: <table><%=@persons.inspet%>
2: 	<tr><td>Name</td><td>Age</td></tr>
3: <% @persons.each do |person| %>
4: <tr><td><%= person.name %></td><td><%= person.age %></td></tr>

    app/views/people/index.html.erb:1

Rendered rescues/_trace (127.5ms)
Rendered rescues/_request_and_response (2.3ms)
Rendering rescues/layout (internal_server_error)
  [4;36;1mSQL (0.1ms)[0m   [0;1mSET NAMES 'utf8'[0m
  [4;35;1mSQL (0.3ms)[0m   [0mSET SQL_AUTO_IS_NULL=0[0m


Processing PeopleController#index (for 127.0.0.1 at 2010-02-10 17:52:24) [GET]
  [4;36;1mPerson Load (0.5ms)[0m   [0;1mSELECT * FROM `people` ORDER BY age[0m
Rendering people/index
  [4;35;1mPerson Columns (1.4ms)[0m   [0mSHOW FIELDS FROM `people`[0m
Completed in 22ms (View: 12, DB: 2) | 200 OK [http://0.0.0.0/people]
  [4;36;1mSQL (0.1ms)[0m   [0;1mSET NAMES 'utf8'[0m
  [4;35;1mSQL (0.1ms)[0m   [0mSET SQL_AUTO_IS_NULL=0[0m


Processing PeopleController#index (for 127.0.0.1 at 2010-02-10 17:58:44) [GET]
  [4;36;1mPerson Load (0.5ms)[0m   [0;1mSELECT * FROM `people` WHERE (gender = 'Female') ORDER BY age[0m
Rendering people/index
Completed in 21ms (View: 11, DB: 1) | 200 OK [http://0.0.0.0/people]
  [4;35;1mSQL (12.2ms)[0m   [0mSET NAMES 'utf8'[0m
  [4;36;1mSQL (0.1ms)[0m   [0;1mSET SQL_AUTO_IS_NULL=0[0m


Processing PeopleController#index (for 127.0.0.1 at 2010-02-10 17:59:09) [GET]
  [4;35;1mPerson Load (0.5ms)[0m   [0mSELECT * FROM `people` WHERE (gender = 'male') ORDER BY age[0m
Rendering people/index
  [4;36;1mPerson Columns (1.2ms)[0m   [0;1mSHOW FIELDS FROM `people`[0m
Completed in 17ms (View: 6, DB: 14) | 200 OK [http://0.0.0.0/people]
  [4;36;1mSQL (0.2ms)[0m   [0;1mSET NAMES 'utf8'[0m
  [4;35;1mSQL (0.2ms)[0m   [0mSET SQL_AUTO_IS_NULL=0[0m
  [4;36;1mSQL (1.2ms)[0m   [0;1mSHOW TABLES[0m
  [4;35;1mSQL (75.3ms)[0m   [0mSELECT version FROM schema_migrations[0m
  [4;36;1mSQL (0.2ms)[0m   [0;1mSET NAMES 'utf8'[0m
  [4;35;1mSQL (0.1ms)[0m   [0mSET SQL_AUTO_IS_NULL=0[0m
  [4;36;1mSQL (0.5ms)[0m   [0;1mSHOW FULL TABLES WHERE Table_type = 'BASE TABLE'[0m
  [4;35;1mSQL (52.1ms)[0m   [0mSHOW CREATE TABLE `people`[0m
  [4;36;1mSQL (0.2ms)[0m   [0;1mSHOW CREATE TABLE `schema_migrations`[0m
  [4;35;1mSQL (0.4ms)[0m   [0mSELECT version FROM schema_migrations[0m
  [4;36;1mSQL (0.2ms)[0m   [0;1mSET NAMES 'utf8'[0m
  [4;35;1mSQL (0.1ms)[0m   [0mSET SQL_AUTO_IS_NULL=0[0m
  [4;36;1mSQL (0.5ms)[0m   [0;1mSHOW FULL TABLES WHERE Table_type = 'BASE TABLE'[0m
  [4;35;1mSQL (0.2ms)[0m   [0mSHOW CREATE TABLE `people`[0m
  [4;36;1mSQL (0.1ms)[0m   [0;1mSHOW CREATE TABLE `schema_migrations`[0m
  [4;35;1mSQL (0.7ms)[0m   [0mSELECT version FROM schema_migrations[0m
  [4;36;1mSQL (0.1ms)[0m   [0;1mSET NAMES 'utf8'[0m
  [4;35;1mSQL (0.1ms)[0m   [0mSET SQL_AUTO_IS_NULL=0[0m
  [4;36;1mSQL (79.1ms)[0m   [0;1mDROP DATABASE IF EXISTS `createplugin_test`[0m
  [4;35;1mSQL (0.5ms)[0m   [0mCREATE DATABASE `createplugin_test` DEFAULT CHARACTER SET `utf8`[0m
  [4;36;1mSQL (0.1ms)[0m   [0;1mSET NAMES 'utf8'[0m
  [4;35;1mSQL (0.1ms)[0m   [0mSET SQL_AUTO_IS_NULL=0[0m
  [4;36;1mSQL (0.1ms)[0m   [0;1mSET foreign_key_checks = 0[0m
  [4;35;1mSQL (49.0ms)[0m   [0mCREATE TABLE `people` (
 `id` int(11) NOT NULL AUTO_INCREMENT,
 `name` varchar(250) COLLATE utf8_unicode_ci DEFAULT NULL,
 `age` varchar(250) COLLATE utf8_unicode_ci DEFAULT NULL,
 `gender` varchar(250) COLLATE utf8_unicode_ci DEFAULT NULL,
 `created_at` datetime DEFAULT NULL,
 `updated_at` datetime DEFAULT NULL,
 PRIMARY KEY (`id`)
) ENGINE=InnoDB AUTO_INCREMENT=4 DEFAULT CHARSET=utf8 COLLATE=utf8_unicode_ci;[0m
  [4;36;1mSQL (19.6ms)[0m   [0;1mCREATE TABLE `schema_migrations` (
 `version` varchar(255) COLLATE utf8_unicode_ci NOT NULL,
 UNIQUE KEY `unique_schema_migrations` (`version`)
) ENGINE=InnoDB DEFAULT CHARSET=utf8 COLLATE=utf8_unicode_ci;[0m
  [4;35;1mSQL (0.7ms)[0m   [0mINSERT INTO schema_migrations (version) VALUES ('20100210050549');[0m
  [4;36;1mSQL (0.1ms)[0m   [0;1mSET NAMES 'utf8'[0m
  [4;35;1mSQL (0.1ms)[0m   [0mSET SQL_AUTO_IS_NULL=0[0m
  [4;36;1mSQL (0.4ms)[0m   [0;1mSHOW TABLES[0m
  [4;35;1mSQL (0.3ms)[0m   [0mSELECT version FROM schema_migrations[0m
  [4;36;1mSQL (0.1ms)[0m   [0;1mSET NAMES 'utf8'[0m
  [4;35;1mSQL (0.1ms)[0m   [0mSET SQL_AUTO_IS_NULL=0[0m
  [4;36;1mSQL (49.6ms)[0m   [0;1mDROP DATABASE IF EXISTS `createplugin_test`[0m
  [4;35;1mSQL (0.5ms)[0m   [0mCREATE DATABASE `createplugin_test` DEFAULT CHARACTER SET `utf8`[0m
  [4;36;1mSQL (0.1ms)[0m   [0;1mSET NAMES 'utf8'[0m
  [4;35;1mSQL (0.1ms)[0m   [0mSET SQL_AUTO_IS_NULL=0[0m
  [4;36;1mSQL (0.3ms)[0m   [0;1mSHOW TABLES[0m
  [4;35;1mSQL (3.3ms)[0m   [0mCREATE TABLE `people` (`id` int(11) DEFAULT NULL auto_increment PRIMARY KEY, `created_at` datetime, `updated_at` datetime) ENGINE=InnoDB[0m
  [4;36;1mSQL (0.4ms)[0m   [0;1mSHOW TABLES[0m
  [4;35;1mSQL (3.3ms)[0m   [0mCREATE TABLE `schema_migrations` (`version` varchar(255) NOT NULL) ENGINE=InnoDB[0m
  [4;36;1mSQL (43.6ms)[0m   [0;1mCREATE UNIQUE INDEX `unique_schema_migrations` ON `schema_migrations` (`version`)[0m
  [4;35;1mSQL (1.6ms)[0m   [0mSHOW TABLES[0m
  [4;36;1mSQL (0.4ms)[0m   [0;1mSELECT version FROM `schema_migrations`[0m
  [4;35;1mSQL (0.5ms)[0m   [0mINSERT INTO `schema_migrations` (version) VALUES ('20100210050549')[0m
  [4;36;1mSQL (0.1ms)[0m   [0;1mSET NAMES 'utf8'[0m
  [4;35;1mSQL (0.1ms)[0m   [0mSET SQL_AUTO_IS_NULL=0[0m
  [4;36;1mSQL (0.5ms)[0m   [0;1mSHOW TABLES[0m
  [4;35;1mSQL (0.3ms)[0m   [0mSELECT version FROM schema_migrations[0m
  [4;36;1mSQL (0.1ms)[0m   [0;1mSET NAMES 'utf8'[0m
  [4;35;1mSQL (0.1ms)[0m   [0mSET SQL_AUTO_IS_NULL=0[0m
  [4;36;1mSQL (19.6ms)[0m   [0;1mDROP DATABASE IF EXISTS `createplugin_test`[0m
  [4;35;1mSQL (0.5ms)[0m   [0mCREATE DATABASE `createplugin_test` DEFAULT CHARACTER SET `utf8`[0m
  [4;36;1mSQL (0.1ms)[0m   [0;1mSET NAMES 'utf8'[0m
  [4;35;1mSQL (0.1ms)[0m   [0mSET SQL_AUTO_IS_NULL=0[0m
  [4;36;1mSQL (0.3ms)[0m   [0;1mSHOW TABLES[0m
  [4;35;1mSQL (26.8ms)[0m   [0mCREATE TABLE `people` (`id` int(11) DEFAULT NULL auto_increment PRIMARY KEY, `created_at` datetime, `updated_at` datetime) ENGINE=InnoDB[0m
  [4;36;1mSQL (0.4ms)[0m   [0;1mSHOW TABLES[0m
  [4;35;1mSQL (10.3ms)[0m   [0mCREATE TABLE `schema_migrations` (`version` varchar(255) NOT NULL) ENGINE=InnoDB[0m
  [4;36;1mSQL (5.2ms)[0m   [0;1mCREATE UNIQUE INDEX `unique_schema_migrations` ON `schema_migrations` (`version`)[0m
  [4;35;1mSQL (0.4ms)[0m   [0mSHOW TABLES[0m
  [4;36;1mSQL (0.9ms)[0m   [0;1mSELECT version FROM `schema_migrations`[0m
  [4;35;1mSQL (0.6ms)[0m   [0mINSERT INTO `schema_migrations` (version) VALUES ('20100210050549')[0m
  [4;36;1mSQL (0.1ms)[0m   [0;1mSET NAMES 'utf8'[0m
  [4;35;1mSQL (0.1ms)[0m   [0mSET SQL_AUTO_IS_NULL=0[0m
  [4;36;1mSQL (0.4ms)[0m   [0;1mSHOW TABLES[0m
  [4;35;1mSQL (0.3ms)[0m   [0mSELECT version FROM schema_migrations[0m
  [4;36;1mSQL (0.1ms)[0m   [0;1mSET NAMES 'utf8'[0m
  [4;35;1mSQL (0.1ms)[0m   [0mSET SQL_AUTO_IS_NULL=0[0m
  [4;36;1mSQL (5.5ms)[0m   [0;1mDROP DATABASE IF EXISTS `createplugin_test`[0m
  [4;35;1mSQL (0.4ms)[0m   [0mCREATE DATABASE `createplugin_test` DEFAULT CHARACTER SET `utf8`[0m
  [4;36;1mSQL (0.1ms)[0m   [0;1mSET NAMES 'utf8'[0m
  [4;35;1mSQL (0.1ms)[0m   [0mSET SQL_AUTO_IS_NULL=0[0m
  [4;36;1mSQL (0.3ms)[0m   [0;1mSHOW TABLES[0m
  [4;35;1mSQL (3.3ms)[0m   [0mCREATE TABLE `people` (`id` int(11) DEFAULT NULL auto_increment PRIMARY KEY, `created_at` datetime, `updated_at` datetime) ENGINE=InnoDB[0m
  [4;36;1mSQL (0.5ms)[0m   [0;1mSHOW TABLES[0m
  [4;35;1mSQL (18.5ms)[0m   [0mCREATE TABLE `schema_migrations` (`version` varchar(255) NOT NULL) ENGINE=InnoDB[0m
  [4;36;1mSQL (13.4ms)[0m   [0;1mCREATE UNIQUE INDEX `unique_schema_migrations` ON `schema_migrations` (`version`)[0m
  [4;35;1mSQL (0.4ms)[0m   [0mSHOW TABLES[0m
  [4;36;1mSQL (0.4ms)[0m   [0;1mSELECT version FROM `schema_migrations`[0m
  [4;35;1mSQL (0.6ms)[0m   [0mINSERT INTO `schema_migrations` (version) VALUES ('20100210050549')[0m
  [4;36;1mSQL (0.1ms)[0m   [0;1mSET NAMES 'utf8'[0m
  [4;35;1mSQL (0.1ms)[0m   [0mSET SQL_AUTO_IS_NULL=0[0m
  [4;36;1mSQL (0.4ms)[0m   [0;1mSHOW TABLES[0m
  [4;35;1mSQL (0.2ms)[0m   [0mSELECT version FROM schema_migrations[0m
  [4;36;1mSQL (0.1ms)[0m   [0;1mSET NAMES 'utf8'[0m
  [4;35;1mSQL (0.1ms)[0m   [0mSET SQL_AUTO_IS_NULL=0[0m
  [4;36;1mSQL (3.6ms)[0m   [0;1mDROP DATABASE IF EXISTS `createplugin_test`[0m
  [4;35;1mSQL (0.6ms)[0m   [0mCREATE DATABASE `createplugin_test` DEFAULT CHARACTER SET `utf8`[0m
  [4;36;1mSQL (0.1ms)[0m   [0;1mSET NAMES 'utf8'[0m
  [4;35;1mSQL (0.1ms)[0m   [0mSET SQL_AUTO_IS_NULL=0[0m
  [4;36;1mSQL (0.6ms)[0m   [0;1mSHOW TABLES[0m
  [4;35;1mSQL (2.8ms)[0m   [0mCREATE TABLE `people` (`id` int(11) DEFAULT NULL auto_increment PRIMARY KEY, `created_at` datetime, `updated_at` datetime) ENGINE=InnoDB[0m
  [4;36;1mSQL (0.5ms)[0m   [0;1mSHOW TABLES[0m
  [4;35;1mSQL (24.4ms)[0m   [0mCREATE TABLE `schema_migrations` (`version` varchar(255) NOT NULL) ENGINE=InnoDB[0m
  [4;36;1mSQL (7.4ms)[0m   [0;1mCREATE UNIQUE INDEX `unique_schema_migrations` ON `schema_migrations` (`version`)[0m
  [4;35;1mSQL (0.5ms)[0m   [0mSHOW TABLES[0m
  [4;36;1mSQL (0.4ms)[0m   [0;1mSELECT version FROM `schema_migrations`[0m
  [4;35;1mSQL (0.5ms)[0m   [0mINSERT INTO `schema_migrations` (version) VALUES ('20100210050549')[0m
  [4;36;1mSQL (7.1ms)[0m   [0;1mSET NAMES 'utf8'[0m
  [4;35;1mSQL (0.2ms)[0m   [0mSET SQL_AUTO_IS_NULL=0[0m
  [4;36;1mSQL (0.5ms)[0m   [0;1mSHOW TABLES[0m
  [4;35;1mSQL (0.4ms)[0m   [0mSELECT version FROM schema_migrations[0m
  [4;36;1mSQL (0.2ms)[0m   [0;1mSET NAMES 'utf8'[0m
  [4;35;1mSQL (0.1ms)[0m   [0mSET SQL_AUTO_IS_NULL=0[0m
  [4;36;1mSQL (3.7ms)[0m   [0;1mDROP DATABASE IF EXISTS `createplugin_test`[0m
  [4;35;1mSQL (0.6ms)[0m   [0mCREATE DATABASE `createplugin_test` DEFAULT CHARACTER SET `utf8`[0m
  [4;36;1mSQL (0.1ms)[0m   [0;1mSET NAMES 'utf8'[0m
  [4;35;1mSQL (0.1ms)[0m   [0mSET SQL_AUTO_IS_NULL=0[0m
  [4;36;1mSQL (1.6ms)[0m   [0;1mSHOW TABLES[0m
  [4;35;1mSQL (28.2ms)[0m   [0mCREATE TABLE `people` (`id` int(11) DEFAULT NULL auto_increment PRIMARY KEY, `created_at` datetime, `updated_at` datetime) ENGINE=InnoDB[0m
  [4;36;1mSQL (0.4ms)[0m   [0;1mSHOW TABLES[0m
  [4;35;1mSQL (8.9ms)[0m   [0mCREATE TABLE `schema_migrations` (`version` varchar(255) NOT NULL) ENGINE=InnoDB[0m
  [4;36;1mSQL (4.6ms)[0m   [0;1mCREATE UNIQUE INDEX `unique_schema_migrations` ON `schema_migrations` (`version`)[0m
  [4;35;1mSQL (0.4ms)[0m   [0mSHOW TABLES[0m
  [4;36;1mSQL (0.5ms)[0m   [0;1mSELECT version FROM `schema_migrations`[0m
  [4;35;1mSQL (0.8ms)[0m   [0mINSERT INTO `schema_migrations` (version) VALUES ('20100210050549')[0m
  [4;36;1mSQL (0.1ms)[0m   [0;1mSET NAMES 'utf8'[0m
  [4;35;1mSQL (0.1ms)[0m   [0mSET SQL_AUTO_IS_NULL=0[0m
  [4;36;1mSQL (0.4ms)[0m   [0;1mSHOW FULL TABLES WHERE Table_type = 'BASE TABLE'[0m
  [4;35;1mSQL (0.2ms)[0m   [0mSHOW CREATE TABLE `people`[0m
  [4;36;1mSQL (0.1ms)[0m   [0;1mSHOW CREATE TABLE `schema_migrations`[0m
  [4;35;1mSQL (0.3ms)[0m   [0mSELECT version FROM schema_migrations[0m
  [4;36;1mSQL (0.1ms)[0m   [0;1mSET NAMES 'utf8'[0m
  [4;35;1mSQL (0.1ms)[0m   [0mSET SQL_AUTO_IS_NULL=0[0m
  [4;36;1mSQL (25.6ms)[0m   [0;1mDROP DATABASE IF EXISTS `createplugin_test`[0m
  [4;35;1mSQL (0.5ms)[0m   [0mCREATE DATABASE `createplugin_test` DEFAULT CHARACTER SET `utf8`[0m
  [4;36;1mSQL (0.1ms)[0m   [0;1mSET NAMES 'utf8'[0m
  [4;35;1mSQL (0.1ms)[0m   [0mSET SQL_AUTO_IS_NULL=0[0m
  [4;36;1mSQL (0.1ms)[0m   [0;1mSET foreign_key_checks = 0[0m
  [4;35;1mSQL (4.3ms)[0m   [0mCREATE TABLE `people` (
 `id` int(11) NOT NULL AUTO_INCREMENT,
 `name` varchar(250) COLLATE utf8_unicode_ci DEFAULT NULL,
 `age` varchar(250) COLLATE utf8_unicode_ci DEFAULT NULL,
 `gender` varchar(250) COLLATE utf8_unicode_ci DEFAULT NULL,
 `created_at` datetime DEFAULT NULL,
 `updated_at` datetime DEFAULT NULL,
 PRIMARY KEY (`id`)
) ENGINE=InnoDB AUTO_INCREMENT=4 DEFAULT CHARSET=utf8 COLLATE=utf8_unicode_ci;[0m
  [4;36;1mSQL (4.4ms)[0m   [0;1mCREATE TABLE `schema_migrations` (
 `version` varchar(255) COLLATE utf8_unicode_ci NOT NULL,
 UNIQUE KEY `unique_schema_migrations` (`version`)
) ENGINE=InnoDB DEFAULT CHARSET=utf8 COLLATE=utf8_unicode_ci;[0m
  [4;35;1mSQL (0.7ms)[0m   [0mINSERT INTO schema_migrations (version) VALUES ('20100210050549');[0m
  [4;36;1mSQL (0.1ms)[0m   [0;1mSET NAMES 'utf8'[0m
  [4;35;1mSQL (0.1ms)[0m   [0mSET SQL_AUTO_IS_NULL=0[0m
  [4;36;1mSQL (0.4ms)[0m   [0;1mSHOW TABLES[0m
  [4;35;1mSQL (0.3ms)[0m   [0mSELECT version FROM schema_migrations[0m
  [4;36;1mSQL (0.6ms)[0m   [0;1mSET NAMES 'utf8'[0m
  [4;35;1mSQL (0.1ms)[0m   [0mSET SQL_AUTO_IS_NULL=0[0m
  [4;36;1mSQL (3.8ms)[0m   [0;1mDROP DATABASE IF EXISTS `createplugin_test`[0m
  [4;35;1mSQL (0.4ms)[0m   [0mCREATE DATABASE `createplugin_test` DEFAULT CHARACTER SET `utf8`[0m
  [4;36;1mSQL (0.9ms)[0m   [0;1mSET NAMES 'utf8'[0m
  [4;35;1mSQL (0.1ms)[0m   [0mSET SQL_AUTO_IS_NULL=0[0m
  [4;36;1mSQL (0.3ms)[0m   [0;1mSHOW TABLES[0m
  [4;35;1mSQL (3.8ms)[0m   [0mCREATE TABLE `people` (`id` int(11) DEFAULT NULL auto_increment PRIMARY KEY, `created_at` datetime, `updated_at` datetime) ENGINE=InnoDB[0m
  [4;36;1mSQL (0.3ms)[0m   [0;1mSHOW TABLES[0m
  [4;35;1mSQL (2.4ms)[0m   [0mCREATE TABLE `schema_migrations` (`version` varchar(255) NOT NULL) ENGINE=InnoDB[0m
  [4;36;1mSQL (5.0ms)[0m   [0;1mCREATE UNIQUE INDEX `unique_schema_migrations` ON `schema_migrations` (`version`)[0m
  [4;35;1mSQL (0.4ms)[0m   [0mSHOW TABLES[0m
  [4;36;1mSQL (0.4ms)[0m   [0;1mSELECT version FROM `schema_migrations`[0m
  [4;35;1mSQL (0.5ms)[0m   [0mINSERT INTO `schema_migrations` (version) VALUES ('20100210050549')[0m
  [4;36;1mSQL (0.2ms)[0m   [0;1mSET NAMES 'utf8'[0m
  [4;35;1mSQL (0.1ms)[0m   [0mSET SQL_AUTO_IS_NULL=0[0m
  [4;36;1mSQL (0.5ms)[0m   [0;1mSHOW FULL TABLES WHERE Table_type = 'BASE TABLE'[0m
  [4;35;1mSQL (0.2ms)[0m   [0mSHOW CREATE TABLE `people`[0m
  [4;36;1mSQL (0.1ms)[0m   [0;1mSHOW CREATE TABLE `schema_migrations`[0m
  [4;35;1mSQL (0.3ms)[0m   [0mSELECT version FROM schema_migrations[0m
  [4;36;1mSQL (0.1ms)[0m   [0;1mSET NAMES 'utf8'[0m
  [4;35;1mSQL (0.1ms)[0m   [0mSET SQL_AUTO_IS_NULL=0[0m
  [4;36;1mSQL (3.9ms)[0m   [0;1mDROP DATABASE IF EXISTS `createplugin_test`[0m
  [4;35;1mSQL (0.7ms)[0m   [0mCREATE DATABASE `createplugin_test` DEFAULT CHARACTER SET `utf8`[0m
  [4;36;1mSQL (0.1ms)[0m   [0;1mSET NAMES 'utf8'[0m
  [4;35;1mSQL (0.1ms)[0m   [0mSET SQL_AUTO_IS_NULL=0[0m
  [4;36;1mSQL (0.1ms)[0m   [0;1mSET foreign_key_checks = 0[0m
  [4;35;1mSQL (15.7ms)[0m   [0mCREATE TABLE `people` (
 `id` int(11) NOT NULL AUTO_INCREMENT,
 `name` varchar(250) COLLATE utf8_unicode_ci DEFAULT NULL,
 `age` varchar(250) COLLATE utf8_unicode_ci DEFAULT NULL,
 `gender` varchar(250) COLLATE utf8_unicode_ci DEFAULT NULL,
 `created_at` datetime DEFAULT NULL,
 `updated_at` datetime DEFAULT NULL,
 PRIMARY KEY (`id`)
) ENGINE=InnoDB AUTO_INCREMENT=4 DEFAULT CHARSET=utf8 COLLATE=utf8_unicode_ci;[0m
  [4;36;1mSQL (8.7ms)[0m   [0;1mCREATE TABLE `schema_migrations` (
 `version` varchar(255) COLLATE utf8_unicode_ci NOT NULL,
 UNIQUE KEY `unique_schema_migrations` (`version`)
) ENGINE=InnoDB DEFAULT CHARSET=utf8 COLLATE=utf8_unicode_ci;[0m
  [4;35;1mSQL (0.6ms)[0m   [0mINSERT INTO schema_migrations (version) VALUES ('20100210050549');[0m
  [4;36;1mSQL (0.1ms)[0m   [0;1mSET NAMES 'utf8'[0m
  [4;35;1mSQL (0.1ms)[0m   [0mSET SQL_AUTO_IS_NULL=0[0m
  [4;36;1mSQL (0.4ms)[0m   [0;1mSHOW TABLES[0m
  [4;35;1mSQL (0.4ms)[0m   [0mSELECT version FROM schema_migrations[0m
  [4;36;1mSQL (0.1ms)[0m   [0;1mSET NAMES 'utf8'[0m
  [4;35;1mSQL (0.1ms)[0m   [0mSET SQL_AUTO_IS_NULL=0[0m
  [4;36;1mSQL (18.0ms)[0m   [0;1mDROP DATABASE IF EXISTS `createplugin_test`[0m
  [4;35;1mSQL (0.5ms)[0m   [0mCREATE DATABASE `createplugin_test` DEFAULT CHARACTER SET `utf8`[0m
  [4;36;1mSQL (0.1ms)[0m   [0;1mSET NAMES 'utf8'[0m
  [4;35;1mSQL (0.1ms)[0m   [0mSET SQL_AUTO_IS_NULL=0[0m
  [4;36;1mSQL (1.3ms)[0m   [0;1mSHOW TABLES[0m
  [4;35;1mSQL (3.0ms)[0m   [0mCREATE TABLE `people` (`id` int(11) DEFAULT NULL auto_increment PRIMARY KEY, `created_at` datetime, `updated_at` datetime) ENGINE=InnoDB[0m
  [4;36;1mSQL (0.4ms)[0m   [0;1mSHOW TABLES[0m
  [4;35;1mSQL (5.1ms)[0m   [0mCREATE TABLE `schema_migrations` (`version` varchar(255) NOT NULL) ENGINE=InnoDB[0m
  [4;36;1mSQL (5.7ms)[0m   [0;1mCREATE UNIQUE INDEX `unique_schema_migrations` ON `schema_migrations` (`version`)[0m
  [4;35;1mSQL (0.4ms)[0m   [0mSHOW TABLES[0m
  [4;36;1mSQL (0.4ms)[0m   [0;1mSELECT version FROM `schema_migrations`[0m
  [4;35;1mSQL (0.9ms)[0m   [0mINSERT INTO `schema_migrations` (version) VALUES ('20100210050549')[0m
  [4;36;1mSQL (0.1ms)[0m   [0;1mSET NAMES 'utf8'[0m
  [4;35;1mSQL (0.1ms)[0m   [0mSET SQL_AUTO_IS_NULL=0[0m
  [4;36;1mSQL (0.4ms)[0m   [0;1mSHOW FULL TABLES WHERE Table_type = 'BASE TABLE'[0m
  [4;35;1mSQL (0.2ms)[0m   [0mSHOW CREATE TABLE `people`[0m
  [4;36;1mSQL (0.1ms)[0m   [0;1mSHOW CREATE TABLE `schema_migrations`[0m
  [4;35;1mSQL (0.6ms)[0m   [0mSELECT version FROM schema_migrations[0m
  [4;36;1mSQL (0.3ms)[0m   [0;1mSET NAMES 'utf8'[0m
  [4;35;1mSQL (0.3ms)[0m   [0mSET SQL_AUTO_IS_NULL=0[0m
  [4;36;1mSQL (2.6ms)[0m   [0;1mDROP DATABASE IF EXISTS `createplugin_test`[0m
  [4;35;1mSQL (0.4ms)[0m   [0mCREATE DATABASE `createplugin_test` DEFAULT CHARACTER SET `utf8`[0m
  [4;36;1mSQL (0.1ms)[0m   [0;1mSET NAMES 'utf8'[0m
  [4;35;1mSQL (0.1ms)[0m   [0mSET SQL_AUTO_IS_NULL=0[0m
  [4;36;1mSQL (0.1ms)[0m   [0;1mSET foreign_key_checks = 0[0m
  [4;35;1mSQL (3.3ms)[0m   [0mCREATE TABLE `people` (
 `id` int(11) NOT NULL AUTO_INCREMENT,
 `name` varchar(250) COLLATE utf8_unicode_ci DEFAULT NULL,
 `age` varchar(250) COLLATE utf8_unicode_ci DEFAULT NULL,
 `gender` varchar(250) COLLATE utf8_unicode_ci DEFAULT NULL,
 `created_at` datetime DEFAULT NULL,
 `updated_at` datetime DEFAULT NULL,
 PRIMARY KEY (`id`)
) ENGINE=InnoDB AUTO_INCREMENT=4 DEFAULT CHARSET=utf8 COLLATE=utf8_unicode_ci;[0m
  [4;36;1mSQL (8.3ms)[0m   [0;1mCREATE TABLE `schema_migrations` (
 `version` varchar(255) COLLATE utf8_unicode_ci NOT NULL,
 UNIQUE KEY `unique_schema_migrations` (`version`)
) ENGINE=InnoDB DEFAULT CHARSET=utf8 COLLATE=utf8_unicode_ci;[0m
  [4;35;1mSQL (0.6ms)[0m   [0mINSERT INTO schema_migrations (version) VALUES ('20100210050549');[0m
  [4;36;1mSQL (0.1ms)[0m   [0;1mSET NAMES 'utf8'[0m
  [4;35;1mSQL (0.1ms)[0m   [0mSET SQL_AUTO_IS_NULL=0[0m
  [4;36;1mSQL (0.4ms)[0m   [0;1mSHOW TABLES[0m
  [4;35;1mSQL (0.3ms)[0m   [0mSELECT version FROM schema_migrations[0m
  [4;36;1mSQL (0.1ms)[0m   [0;1mSET NAMES 'utf8'[0m
  [4;35;1mSQL (0.1ms)[0m   [0mSET SQL_AUTO_IS_NULL=0[0m
  [4;36;1mSQL (3.5ms)[0m   [0;1mDROP DATABASE IF EXISTS `createplugin_test`[0m
  [4;35;1mSQL (0.4ms)[0m   [0mCREATE DATABASE `createplugin_test` DEFAULT CHARACTER SET `utf8`[0m
  [4;36;1mSQL (0.1ms)[0m   [0;1mSET NAMES 'utf8'[0m
  [4;35;1mSQL (0.1ms)[0m   [0mSET SQL_AUTO_IS_NULL=0[0m
  [4;36;1mSQL (0.3ms)[0m   [0;1mSHOW TABLES[0m
  [4;35;1mSQL (3.3ms)[0m   [0mCREATE TABLE `people` (`id` int(11) DEFAULT NULL auto_increment PRIMARY KEY, `created_at` datetime, `updated_at` datetime) ENGINE=InnoDB[0m
  [4;36;1mSQL (0.3ms)[0m   [0;1mSHOW TABLES[0m
  [4;35;1mSQL (7.7ms)[0m   [0mCREATE TABLE `schema_migrations` (`version` varchar(255) NOT NULL) ENGINE=InnoDB[0m
  [4;36;1mSQL (8.5ms)[0m   [0;1mCREATE UNIQUE INDEX `unique_schema_migrations` ON `schema_migrations` (`version`)[0m
  [4;35;1mSQL (0.3ms)[0m   [0mSHOW TABLES[0m
  [4;36;1mSQL (0.4ms)[0m   [0;1mSELECT version FROM `schema_migrations`[0m
  [4;35;1mSQL (0.4ms)[0m   [0mINSERT INTO `schema_migrations` (version) VALUES ('20100210050549')[0m
  [4;36;1mSQL (0.2ms)[0m   [0;1mSET NAMES 'utf8'[0m
  [4;35;1mSQL (0.1ms)[0m   [0mSET SQL_AUTO_IS_NULL=0[0m
  [4;36;1mSQL (0.4ms)[0m   [0;1mSHOW FULL TABLES WHERE Table_type = 'BASE TABLE'[0m
  [4;35;1mSQL (0.2ms)[0m   [0mSHOW CREATE TABLE `people`[0m
  [4;36;1mSQL (0.1ms)[0m   [0;1mSHOW CREATE TABLE `schema_migrations`[0m
  [4;35;1mSQL (0.3ms)[0m   [0mSELECT version FROM schema_migrations[0m
  [4;36;1mSQL (0.1ms)[0m   [0;1mSET NAMES 'utf8'[0m
  [4;35;1mSQL (0.1ms)[0m   [0mSET SQL_AUTO_IS_NULL=0[0m
  [4;36;1mSQL (12.1ms)[0m   [0;1mDROP DATABASE IF EXISTS `createplugin_test`[0m
  [4;35;1mSQL (0.4ms)[0m   [0mCREATE DATABASE `createplugin_test` DEFAULT CHARACTER SET `utf8`[0m
  [4;36;1mSQL (0.1ms)[0m   [0;1mSET NAMES 'utf8'[0m
  [4;35;1mSQL (0.1ms)[0m   [0mSET SQL_AUTO_IS_NULL=0[0m
  [4;36;1mSQL (0.1ms)[0m   [0;1mSET foreign_key_checks = 0[0m
  [4;35;1mSQL (4.6ms)[0m   [0mCREATE TABLE `people` (
 `id` int(11) NOT NULL AUTO_INCREMENT,
 `name` varchar(250) COLLATE utf8_unicode_ci DEFAULT NULL,
 `age` varchar(250) COLLATE utf8_unicode_ci DEFAULT NULL,
 `gender` varchar(250) COLLATE utf8_unicode_ci DEFAULT NULL,
 `created_at` datetime DEFAULT NULL,
 `updated_at` datetime DEFAULT NULL,
 PRIMARY KEY (`id`)
) ENGINE=InnoDB AUTO_INCREMENT=4 DEFAULT CHARSET=utf8 COLLATE=utf8_unicode_ci;[0m
  [4;36;1mSQL (2.8ms)[0m   [0;1mCREATE TABLE `schema_migrations` (
 `version` varchar(255) COLLATE utf8_unicode_ci NOT NULL,
 UNIQUE KEY `unique_schema_migrations` (`version`)
) ENGINE=InnoDB DEFAULT CHARSET=utf8 COLLATE=utf8_unicode_ci;[0m
  [4;35;1mSQL (1.2ms)[0m   [0mINSERT INTO schema_migrations (version) VALUES ('20100210050549');[0m
  [4;36;1mSQL (0.1ms)[0m   [0;1mSET NAMES 'utf8'[0m
  [4;35;1mSQL (0.1ms)[0m   [0mSET SQL_AUTO_IS_NULL=0[0m
  [4;36;1mSQL (0.4ms)[0m   [0;1mSHOW TABLES[0m
  [4;35;1mSQL (0.3ms)[0m   [0mSELECT version FROM schema_migrations[0m
  [4;36;1mSQL (0.1ms)[0m   [0;1mSET NAMES 'utf8'[0m
  [4;35;1mSQL (0.1ms)[0m   [0mSET SQL_AUTO_IS_NULL=0[0m
  [4;36;1mSQL (3.1ms)[0m   [0;1mDROP DATABASE IF EXISTS `createplugin_test`[0m
  [4;35;1mSQL (0.8ms)[0m   [0mCREATE DATABASE `createplugin_test` DEFAULT CHARACTER SET `utf8`[0m
  [4;36;1mSQL (0.1ms)[0m   [0;1mSET NAMES 'utf8'[0m
  [4;35;1mSQL (0.1ms)[0m   [0mSET SQL_AUTO_IS_NULL=0[0m
  [4;36;1mSQL (0.4ms)[0m   [0;1mSHOW TABLES[0m
  [4;35;1mSQL (10.9ms)[0m   [0mCREATE TABLE `people` (`id` int(11) DEFAULT NULL auto_increment PRIMARY KEY, `created_at` datetime, `updated_at` datetime) ENGINE=InnoDB[0m
  [4;36;1mSQL (0.4ms)[0m   [0;1mSHOW TABLES[0m
  [4;35;1mSQL (2.1ms)[0m   [0mCREATE TABLE `schema_migrations` (`version` varchar(255) NOT NULL) ENGINE=InnoDB[0m
  [4;36;1mSQL (4.6ms)[0m   [0;1mCREATE UNIQUE INDEX `unique_schema_migrations` ON `schema_migrations` (`version`)[0m
  [4;35;1mSQL (0.3ms)[0m   [0mSHOW TABLES[0m
  [4;36;1mSQL (0.4ms)[0m   [0;1mSELECT version FROM `schema_migrations`[0m
  [4;35;1mSQL (0.6ms)[0m   [0mINSERT INTO `schema_migrations` (version) VALUES ('20100210050549')[0m
  [4;36;1mSQL (0.1ms)[0m   [0;1mSET NAMES 'utf8'[0m
  [4;35;1mSQL (0.1ms)[0m   [0mSET SQL_AUTO_IS_NULL=0[0m
  [4;36;1mSQL (0.5ms)[0m   [0;1mSHOW TABLES[0m
  [4;35;1mSQL (0.3ms)[0m   [0mSELECT version FROM schema_migrations[0m
  [4;36;1mSQL (0.1ms)[0m   [0;1mSET NAMES 'utf8'[0m
  [4;35;1mSQL (0.1ms)[0m   [0mSET SQL_AUTO_IS_NULL=0[0m
  [4;36;1mSQL (3.9ms)[0m   [0;1mDROP DATABASE IF EXISTS `createplugin_test`[0m
  [4;35;1mSQL (0.6ms)[0m   [0mCREATE DATABASE `createplugin_test` DEFAULT CHARACTER SET `utf8`[0m
  [4;36;1mSQL (0.1ms)[0m   [0;1mSET NAMES 'utf8'[0m
  [4;35;1mSQL (0.1ms)[0m   [0mSET SQL_AUTO_IS_NULL=0[0m
  [4;36;1mSQL (0.3ms)[0m   [0;1mSHOW TABLES[0m
  [4;35;1mSQL (28.2ms)[0m   [0mCREATE TABLE `people` (`id` int(11) DEFAULT NULL auto_increment PRIMARY KEY, `created_at` datetime, `updated_at` datetime) ENGINE=InnoDB[0m
  [4;36;1mSQL (0.4ms)[0m   [0;1mSHOW TABLES[0m
  [4;35;1mSQL (2.8ms)[0m   [0mCREATE TABLE `schema_migrations` (`version` varchar(255) NOT NULL) ENGINE=InnoDB[0m
  [4;36;1mSQL (6.2ms)[0m   [0;1mCREATE UNIQUE INDEX `unique_schema_migrations` ON `schema_migrations` (`version`)[0m
  [4;35;1mSQL (0.4ms)[0m   [0mSHOW TABLES[0m
  [4;36;1mSQL (0.4ms)[0m   [0;1mSELECT version FROM `schema_migrations`[0m
  [4;35;1mSQL (0.6ms)[0m   [0mINSERT INTO `schema_migrations` (version) VALUES ('20100210050549')[0m
  [4;36;1mSQL (0.2ms)[0m   [0;1mSET NAMES 'utf8'[0m
  [4;35;1mSQL (0.2ms)[0m   [0mSET SQL_AUTO_IS_NULL=0[0m
  [4;36;1mSQL (0.5ms)[0m   [0;1mSHOW TABLES[0m
  [4;35;1mSQL (0.4ms)[0m   [0mSELECT version FROM schema_migrations[0m
  [4;36;1mSQL (0.2ms)[0m   [0;1mSET NAMES 'utf8'[0m
  [4;35;1mSQL (0.1ms)[0m   [0mSET SQL_AUTO_IS_NULL=0[0m
  [4;36;1mSQL (2.5ms)[0m   [0;1mDROP DATABASE IF EXISTS `createplugin_test`[0m
  [4;35;1mSQL (0.6ms)[0m   [0mCREATE DATABASE `createplugin_test` DEFAULT CHARACTER SET `utf8`[0m
  [4;36;1mSQL (0.1ms)[0m   [0;1mSET NAMES 'utf8'[0m
  [4;35;1mSQL (0.1ms)[0m   [0mSET SQL_AUTO_IS_NULL=0[0m
  [4;36;1mSQL (1.1ms)[0m   [0;1mSHOW TABLES[0m
  [4;35;1mSQL (3.4ms)[0m   [0mCREATE TABLE `people` (`id` int(11) DEFAULT NULL auto_increment PRIMARY KEY, `created_at` datetime, `updated_at` datetime) ENGINE=InnoDB[0m
  [4;36;1mSQL (0.5ms)[0m   [0;1mSHOW TABLES[0m
  [4;35;1mSQL (7.5ms)[0m   [0mCREATE TABLE `schema_migrations` (`version` varchar(255) NOT NULL) ENGINE=InnoDB[0m
  [4;36;1mSQL (6.5ms)[0m   [0;1mCREATE UNIQUE INDEX `unique_schema_migrations` ON `schema_migrations` (`version`)[0m
  [4;35;1mSQL (0.5ms)[0m   [0mSHOW TABLES[0m
  [4;36;1mSQL (0.6ms)[0m   [0;1mSELECT version FROM `schema_migrations`[0m
  [4;35;1mSQL (0.6ms)[0m   [0mINSERT INTO `schema_migrations` (version) VALUES ('20100210050549')[0m
  [4;36;1mSQL (87.3ms)[0m   [0;1mSET NAMES 'utf8'[0m
  [4;35;1mSQL (6.3ms)[0m   [0mSET SQL_AUTO_IS_NULL=0[0m


Processing PeopleController#index (for 127.0.0.1 at 2010-02-11 17:54:50) [GET]
  [4;36;1mPerson Load (254.5ms)[0m   [0;1mSELECT * FROM `people` WHERE (gender = 'male') ORDER BY age[0m
Rendering people/index
  [4;35;1mPerson Columns (54.3ms)[0m   [0mSHOW FIELDS FROM `people`[0m
Completed in 408ms (View: 87, DB: 402) | 200 OK [http://localhost/people]
  [4;36;1mSQL (87.6ms)[0m   [0;1mSET NAMES 'utf8'[0m
  [4;35;1mSQL (6.4ms)[0m   [0mSET SQL_AUTO_IS_NULL=0[0m


Processing PeopleController#index (for 127.0.0.1 at 2010-02-15 15:44:59) [GET]
  [4;36;1mPerson Load (126.3ms)[0m   [0;1mSELECT * FROM `people` WHERE (gender = 'male') ORDER BY age[0m
Rendering people/index
  [4;35;1mPerson Columns (29.0ms)[0m   [0mSHOW FIELDS FROM `people`[0m
Completed in 273ms (View: 104, DB: 249) | 200 OK [http://0.0.0.0/people]
  [4;36;1mSQL (0.1ms)[0m   [0;1mSET NAMES 'utf8'[0m
  [4;35;1mSQL (0.1ms)[0m   [0mSET SQL_AUTO_IS_NULL=0[0m


Processing PeopleController#index (for 127.0.0.1 at 2010-02-15 15:46:10) [GET]
  [4;36;1mPerson Load (0.4ms)[0m   [0;1mSELECT * FROM `people` [0m
Rendering people/index
  [4;35;1mPerson Columns (1.2ms)[0m   [0mSHOW FIELDS FROM `people`[0m
Completed in 14ms (View: 4, DB: 2) | 200 OK [http://0.0.0.0/people]
  [4;36;1mSQL (11.3ms)[0m   [0;1mSET NAMES 'utf8'[0m
  [4;35;1mSQL (0.1ms)[0m   [0mSET SQL_AUTO_IS_NULL=0[0m


Processing PeopleController#index (for 127.0.0.1 at 2010-02-15 15:46:13) [GET]
  [4;36;1mPerson Load (0.4ms)[0m   [0;1mSELECT * FROM `people` [0m
Rendering people/index
  [4;35;1mPerson Columns (1.2ms)[0m   [0mSHOW FIELDS FROM `people`[0m
Completed in 14ms (View: 4, DB: 13) | 200 OK [http://0.0.0.0/people]
  [4;36;1mSQL (0.5ms)[0m   [0;1mSET NAMES 'utf8'[0m
  [4;35;1mSQL (0.2ms)[0m   [0mSET SQL_AUTO_IS_NULL=0[0m


Processing PeopleController#index (for 127.0.0.1 at 2010-02-15 15:46:13) [GET]
  [4;36;1mPerson Load (0.3ms)[0m   [0;1mSELECT * FROM `people` [0m
Rendering people/index
  [4;35;1mPerson Columns (1.2ms)[0m   [0mSHOW FIELDS FROM `people`[0m
Completed in 69ms (View: 4, DB: 2) | 200 OK [http://0.0.0.0/people]
  [4;36;1mSQL (7.9ms)[0m   [0;1mSET NAMES 'utf8'[0m
  [4;35;1mSQL (0.1ms)[0m   [0mSET SQL_AUTO_IS_NULL=0[0m


Processing PeopleController#index (for 127.0.0.1 at 2010-02-15 15:46:13) [GET]
  [4;36;1mPerson Load (0.3ms)[0m   [0;1mSELECT * FROM `people` [0m
Rendering people/index
  [4;35;1mPerson Columns (1.4ms)[0m   [0mSHOW FIELDS FROM `people`[0m
Completed in 15ms (View: 4, DB: 10) | 200 OK [http://0.0.0.0/people]
  [4;36;1mSQL (0.1ms)[0m   [0;1mSET NAMES 'utf8'[0m
  [4;35;1mSQL (0.2ms)[0m   [0mSET SQL_AUTO_IS_NULL=0[0m


Processing PeopleController#index (for 127.0.0.1 at 2010-02-15 15:46:13) [GET]
  [4;36;1mPerson Load (0.4ms)[0m   [0;1mSELECT * FROM `people` [0m
Rendering people/index
  [4;35;1mPerson Columns (1.4ms)[0m   [0mSHOW FIELDS FROM `people`[0m
Completed in 16ms (View: 5, DB: 2) | 200 OK [http://0.0.0.0/people]
  [4;36;1mSQL (0.2ms)[0m   [0;1mSET NAMES 'utf8'[0m
  [4;35;1mSQL (0.2ms)[0m   [0mSET SQL_AUTO_IS_NULL=0[0m


Processing PeopleController#index (for 127.0.0.1 at 2010-02-15 15:46:37) [GET]
  [4;36;1mPerson Load (0.5ms)[0m   [0;1mSELECT * FROM `people` WHERE (gender = 'male') ORDER BY age[0m
Rendering people/index
  [4;35;1mPerson Columns (1.3ms)[0m   [0mSHOW FIELDS FROM `people`[0m
Completed in 15ms (View: 5, DB: 2) | 200 OK [http://0.0.0.0/people]
